=== P4.7 trace-free Ricci diagnostic ===
k=2, donaldson_tol=1e-8, ricci_h_step=1e-4, newton_tol=1e-8
Bootstrap: n_resamples=2000, seed=12345

[ 1/22] n_pts=1000 n_don= 60 n_adam=10 lr=1e-3 seed= 1042 ...
    σ=1.2119e-1  ‖Ric‖=6.1318e0  ‖Ric₀‖=4.1139e0  ‖s‖=2.6051e0  (0.1s)
[ 2/22] n_pts=1000 n_don= 60 n_adam=10 lr=1e-3 seed= 1100 ...
    σ=1.2955e-1  ‖Ric‖=6.1031e0  ‖Ric₀‖=3.9480e0  ‖s‖=2.6687e0  (0.0s)
[ 3/22] n_pts=1000 n_don= 60 n_adam=10 lr=1e-3 seed= 1345 ...
    σ=1.1712e-1  ‖Ric‖=6.1316e0  ‖Ric₀‖=4.2601e0  ‖s‖=2.5948e0  (0.1s)
[ 4/22] n_pts=1000 n_don= 60 n_adam=10 lr=1e-3 seed= 2007 ...
    σ=1.2331e-1  ‖Ric‖=6.1020e0  ‖Ric₀‖=4.2008e0  ‖s‖=2.6427e0  (0.1s)
[ 5/22] n_pts=1000 n_don= 60 n_adam=10 lr=1e-3 seed= 1099 ...
    σ=1.2197e-1  ‖Ric‖=6.1060e0  ‖Ric₀‖=4.1896e0  ‖s‖=2.5904e0  (0.0s)
[ 6/22] n_pts= 500 n_don= 30 n_adam= 0 lr=1e-3 seed=   43 ...
    σ=1.9078e-1  ‖Ric‖=6.4041e0  ‖Ric₀‖=4.1184e0  ‖s‖=2.6397e0  (0.0s)
[ 7/22] n_pts= 500 n_don=100 n_adam= 0 lr=1e-3 seed=   44 ...
    σ=1.8844e-1  ‖Ric‖=6.4051e0  ‖Ric₀‖=4.1837e0  ‖s‖=2.5850e0  (0.0s)
[ 8/22] n_pts=1000 n_don= 30 n_adam= 0 lr=1e-3 seed=   45 ...
    σ=1.3305e-1  ‖Ric‖=6.1881e0  ‖Ric₀‖=4.2732e0  ‖s‖=2.5126e0  (0.0s)
[ 9/22] n_pts=1000 n_don=150 n_adam= 0 lr=1e-3 seed=   46 ...
    σ=1.5990e-1  ‖Ric‖=6.1626e0  ‖Ric₀‖=3.9231e0  ‖s‖=2.6015e0  (0.0s)
[10/22] n_pts=1500 n_don= 60 n_adam= 0 lr=1e-3 seed=   47 ...
    σ=1.3522e-1  ‖Ric‖=6.0346e0  ‖Ric₀‖=4.1263e0  ‖s‖=2.5644e0  (0.1s)
[11/22] n_pts= 500 n_don= 60 n_adam= 5 lr=1e-4 seed=   48 ...
    σ=1.6872e-1  ‖Ric‖=6.2224e0  ‖Ric₀‖=4.1274e0  ‖s‖=2.5802e0  (0.0s)
[12/22] n_pts= 500 n_don= 60 n_adam=10 lr=1e-2 seed=   49 ...
    σ=7.1956e-2  ‖Ric‖=7.3625e0  ‖Ric₀‖=4.8469e0  ‖s‖=3.2215e0  (0.0s)
[13/22] n_pts=1000 n_don= 30 n_adam=20 lr=1e-4 seed=   50 ...
    σ=1.3918e-1  ‖Ric‖=6.1603e0  ‖Ric₀‖=4.1531e0  ‖s‖=2.5628e0  (0.1s)
[14/22] n_pts=1000 n_don=100 n_adam= 5 lr=1e-2 seed=   51 ...
    σ=9.0567e-2  ‖Ric‖=6.6985e0  ‖Ric₀‖=4.5783e0  ‖s‖=2.8442e0  (0.0s)
[15/22] n_pts=1000 n_don=150 n_adam=20 lr=1e-3 seed=   52 ...
    σ=1.0466e-1  ‖Ric‖=6.2915e0  ‖Ric₀‖=4.2369e0  ‖s‖=2.6904e0  (0.1s)
[16/22] n_pts=1500 n_don= 30 n_adam=10 lr=1e-3 seed=   53 ...
    σ=1.0242e-1  ‖Ric‖=6.0464e0  ‖Ric₀‖=4.1754e0  ‖s‖=2.5590e0  (0.1s)
[17/22] n_pts=1500 n_don=100 n_adam=10 lr=1e-3 seed=   54 ...
    σ=1.0394e-1  ‖Ric‖=6.1177e0  ‖Ric₀‖=4.2303e0  ‖s‖=2.5750e0  (0.1s)
[18/22] n_pts= 500 n_don=100 n_adam=40 lr=1e-3 seed=   55 ...
    σ=1.0933e-1  ‖Ric‖=6.6001e0  ‖Ric₀‖=4.3678e0  ‖s‖=2.7474e0  (0.0s)
[19/22] n_pts=1000 n_don= 60 n_adam=40 lr=1e-3 seed=   56 ...
    σ=8.5470e-2  ‖Ric‖=6.3478e0  ‖Ric₀‖=4.3820e0  ‖s‖=2.7230e0  (0.1s)
[20/22] n_pts=1000 n_don=100 n_adam=40 lr=1e-2 seed=   57 ...
    σ=4.4339e-2  ‖Ric‖=7.5039e0  ‖Ric₀‖=5.8103e0  ‖s‖=3.2786e0  (0.1s)
[21/22] n_pts=1500 n_don= 60 n_adam=40 lr=1e-4 seed=   58 ...
    σ=1.2528e-1  ‖Ric‖=6.1078e0  ‖Ric₀‖=4.0955e0  ‖s‖=2.5392e0  (0.1s)
[22/22] n_pts=1500 n_don=150 n_adam=40 lr=1e-3 seed=   59 ...
    σ=8.1359e-2  ‖Ric‖=6.4626e0  ‖Ric₀‖=4.3606e0  ‖s‖=2.7217e0  (0.1s)

=== Correlation analysis on n=22 valid endpoints ===
  sigma_L1__ricci_L2_full: r = -0.5536  (Fisher 95% CI [-0.7907, -0.1721])
    Spearman ρ = -0.3371
    bootstrap percentile 95% CI = [-0.8267, 0.0631]
    bootstrap BCa 95% CI        = [-0.8618, -0.0544]
  sigma_L1__ricci_L2_tracefree: r = -0.6993  (Fisher 95% CI [-0.8657, -0.3939])
    Spearman ρ = -0.7504
    bootstrap percentile 95% CI = [-0.8655, -0.5172]
    bootstrap BCa 95% CI        = [-0.8366, -0.4255]
  sigma_L1__scalar_L2: r = -0.6704  (Fisher 95% CI [-0.8514, -0.3468])
    Spearman ρ = -0.5788
    bootstrap percentile 95% CI = [-0.8591, -0.3477]
    bootstrap BCa 95% CI        = [-0.8760, -0.4115]

=== total elapsed: 1.2s ===
Wrote output/p4_7_tracefree_ricci.json
