warning: unused import: `num_complex::Complex64`
    --> src\pipeline.rs:1545:9
     |
1545 |     use num_complex::Complex64;
     |         ^^^^^^^^^^^^^^^^^^^^^^
     |
     = note: `#[warn(unused_imports)]` (part of `#[warn(unused)]`) on by default

warning: unused import: `cudarc::driver::sys::CUstream`
  --> src\gpu.rs:12:5
   |
12 | use cudarc::driver::sys::CUstream;
   |     ^^^^^^^^^^^^^^^^^^^^^^^^^^^^^

warning: use of deprecated associated function `route34::hidden_bundle::VisibleBundle::ty_aglp_2011_standard`: The literal AGLP-2011-Tab-5 provenance was not verified; use ty_chern_canonical_su5_monad for the same bundle with an honest citation footprint.
   --> src\route34\eta_evaluator.rs:396:34
    |
396 |     let visible = VisibleBundle::ty_aglp_2011_standard();
    |                                  ^^^^^^^^^^^^^^^^^^^^^
    |
    = note: `#[warn(deprecated)]` on by default

warning: use of deprecated associated function `route34::hidden_bundle::VisibleBundle::schoen_dhor_2006_minimal`: Use schoen_bhop2005_su4_extension for the literally published BHOP-2005 §6 extension bundle on the Schoen Z/3 × Z/3 Calabi-Yau.
   --> src\route34\eta_evaluator.rs:575:34
    |
575 |     let visible = VisibleBundle::schoen_dhor_2006_minimal();
    |                                  ^^^^^^^^^^^^^^^^^^^^^^^^

warning: use of deprecated associated function `route34::hidden_bundle::VisibleBundle::ty_aglp_2011_standard`: The literal AGLP-2011-Tab-5 provenance was not verified; use ty_chern_canonical_su5_monad for the same bundle with an honest citation footprint.
    --> src\route34\eta_evaluator.rs:1053:24
     |
1053 |         VisibleBundle::ty_aglp_2011_standard(),
     |                        ^^^^^^^^^^^^^^^^^^^^^

warning: use of deprecated associated function `route34::hidden_bundle::VisibleBundle::schoen_dhor_2006_minimal`: Use schoen_bhop2005_su4_extension for the literally published BHOP-2005 §6 extension bundle on the Schoen Z/3 × Z/3 Calabi-Yau.
    --> src\route34\eta_evaluator.rs:1079:24
     |
1079 |         VisibleBundle::schoen_dhor_2006_minimal(),
     |                        ^^^^^^^^^^^^^^^^^^^^^^^^

warning: use of deprecated method `rand::Rng::gen_range`: Renamed to `random_range`
    --> src\route34\ty_metric.rs:1786:31
     |
1786 |             let zr: f64 = rng.gen_range(-1.0..1.0);
     |                               ^^^^^^^^^

warning: use of deprecated method `rand::Rng::gen_range`: Renamed to `random_range`
    --> src\route34\ty_metric.rs:1787:31
     |
1787 |             let zi: f64 = rng.gen_range(-1.0..1.0);
     |                               ^^^^^^^^^

warning: use of deprecated method `rand::Rng::gen_range`: Renamed to `random_range`
    --> src\route34\ty_metric.rs:1788:31
     |
1788 |             let wr: f64 = rng.gen_range(-1.0..1.0);
     |                               ^^^^^^^^^

warning: use of deprecated method `rand::Rng::gen_range`: Renamed to `random_range`
    --> src\route34\ty_metric.rs:1789:31
     |
1789 |             let wi: f64 = rng.gen_range(-1.0..1.0);
     |                               ^^^^^^^^^

warning: unused import: `Deserialize`
  --> src\route34\metric_cache.rs:60:13
   |
60 | use serde::{Deserialize, Serialize};
   |             ^^^^^^^^^^^

warning: function `lm_divides` is never used
   --> src\route34\groebner.rs:354:4
    |
354 | fn lm_divides(divisor: &Polynomial, target: &Polynomial) -> bool {
    |    ^^^^^^^^^^
    |
    = note: `#[warn(dead_code)]` (part of `#[warn(unused)]`) on by default

warning: function `integrate_tr_f_squared_wedge_J` should have a snake case name
   --> src\route34\chern_field_strength.rs:188:8
    |
188 | pub fn integrate_tr_f_squared_wedge_J<B: Bundle>(
    |        ^^^^^^^^^^^^^^^^^^^^^^^^^^^^^^ help: convert the identifier to snake case: `integrate_tr_f_squared_wedge_j`
    |
    = note: `#[warn(non_snake_case)]` (part of `#[warn(nonstandard_style)]`) on by default

warning: `cy3_rust_solver` (lib) generated 13 warnings (run `cargo fix --lib -p cy3_rust_solver` to apply 2 suggestions)
    Finished `release` profile [optimized] target(s) in 0.10s
     Running `target\release\p5_10_ty_schoen_5sigma.exe --output output/p5_10_round4.json`
=== P5.10 TY-vs-Schoen 5σ-target ensemble (Path A: n_pts boost) ===
n_pts=25000, ks=[3], seeds(n=20)=[42, 100, 12345, 7, 99, 1, 2, 3, 4, 5, 137, 271, 314, 666, 1000, 2024, 4242, 57005, 48879, 51966]
Donaldson(50, 1e-6)  (no Adam refine — fair across candidates, matches P5.7)
Bootstrap: n_resamples=10000, seed=12345

--- TY k=3 (n_pts=25000) ---
  [ 1/20] seed=    42: σ=0.271587  n_basis=  87  iters=17  res_donaldson=5.175e-7  tier=converged      (11.28s)
  [ 2/20] seed=   100: σ=0.259585  n_basis=  87  iters=15  res_donaldson=6.574e-7  tier=converged      (9.75s)
  [ 3/20] seed= 12345: σ=0.271686  n_basis=  87  iters=16  res_donaldson=6.355e-7  tier=converged      (10.27s)
  [ 4/20] seed=     7: σ=0.273570  n_basis=  87  iters=17  res_donaldson=7.887e-7  tier=converged      (11.12s)
  [ 5/20] seed=    99: σ=0.264451  n_basis=  87  iters=17  res_donaldson=6.007e-7  tier=converged      (10.90s)
  [ 6/20] seed=     1: σ=0.265389  n_basis=  87  iters=17  res_donaldson=8.755e-7  tier=converged      (10.64s)
  [ 7/20] seed=     2: σ=0.268972  n_basis=  87  iters=17  res_donaldson=7.697e-7  tier=converged      (10.53s)
  [ 8/20] seed=     3: σ=0.266850  n_basis=  87  iters=17  res_donaldson=5.610e-7  tier=converged      (10.25s)
  [ 9/20] seed=     4: σ=0.263645  n_basis=  87  iters=17  res_donaldson=7.491e-7  tier=converged      (10.27s)
  [10/20] seed=     5: σ=0.271740  n_basis=  87  iters=16  res_donaldson=6.073e-7  tier=converged      (9.74s)
  [11/20] seed=   137: σ=0.268973  n_basis=  87  iters=18  res_donaldson=5.039e-7  tier=converged      (10.75s)
  [12/20] seed=   271: σ=0.265592  n_basis=  87  iters=18  res_donaldson=6.795e-7  tier=converged      (10.81s)
  [13/20] seed=   314: σ=0.274864  n_basis=  87  iters=18  res_donaldson=6.103e-7  tier=converged      (10.81s)
  [14/20] seed=   666: σ=0.272484  n_basis=  87  iters=18  res_donaldson=6.687e-7  tier=converged      (11.33s)
  [15/20] seed=  1000: σ=0.268305  n_basis=  87  iters=18  res_donaldson=6.101e-7  tier=converged      (11.19s)
  [16/20] seed=  2024: σ=0.266727  n_basis=  87  iters=17  res_donaldson=8.018e-7  tier=converged      (10.30s)
  [17/20] seed=  4242: σ=0.264896  n_basis=  87  iters=16  res_donaldson=5.423e-7  tier=converged      (9.67s)
  [18/20] seed= 57005: σ=0.267388  n_basis=  87  iters=18  res_donaldson=5.653e-7  tier=converged      (10.83s)
  [19/20] seed= 48879: σ=0.265636  n_basis=  87  iters=17  res_donaldson=5.825e-7  tier=converged      (10.19s)
  [20/20] seed= 51966: σ=0.273837  n_basis=  87  iters=18  res_donaldson=5.730e-7  tier=converged      (10.79s)
  Stats:
                   sigma_ty_k3: mean=0.268309 std=4.0155e-3 stderr=8.9790e-4  pct95=[0.266543, 0.269969]  bca95=[0.266498, 0.269937]

--- Schoen k=3 (n_pts=25000) ---
  [ 1/20] seed=    42: σ=2.351259  n_basis=  27  iters=22  res_donaldson=7.517e-7  tier=converged      (1.82s)
  [ 2/20] seed=   100: σ=1.642914  n_basis=  27  iters=19  res_donaldson=7.043e-7  tier=converged      (1.56s)
  [ 3/20] seed= 12345: σ=1.852255  n_basis=  27  iters=24  res_donaldson=7.546e-7  tier=converged      (1.98s)
  [ 4/20] seed=     7: σ=4.014757  n_basis=  27  iters=40  res_donaldson=9.287e-7  tier=converged      (3.17s)
  [ 5/20] seed=    99: σ=6.269586  n_basis=  27  iters=50  res_donaldson=2.389e-6  tier=converged      (3.90s)
  [ 6/20] seed=     1: σ=4.283197  n_basis=  27  iters=25  res_donaldson=8.061e-7  tier=converged      (2.05s)
  [ 7/20] seed=     2: σ=5.266519  n_basis=  27  iters= 3  res_donaldson=8.763e-2  tier=non-converged  (0.47s)
  [ 8/20] seed=     3: σ=2.891762  n_basis=  27  iters=43  res_donaldson=9.258e-7  tier=converged      (3.39s)
  [ 9/20] seed=     4: σ=5.950720  n_basis=  27  iters=24  res_donaldson=7.845e-7  tier=converged      (1.97s)
  [10/20] seed=     5: σ=6.780186  n_basis=  27  iters= 2  res_donaldson=4.854e-1  tier=non-converged  (0.38s)
  [11/20] seed=   137: σ=3.634904  n_basis=  27  iters=50  res_donaldson=8.509e-7  tier=converged      (3.98s)
  [12/20] seed=   271: σ=4.666330  n_basis=  27  iters= 4  res_donaldson=1.528e-1  tier=non-converged  (0.56s)
  [13/20] seed=   314: σ=3.311565  n_basis=  27  iters=28  res_donaldson=6.855e-7  tier=converged      (2.32s)
  [14/20] seed=   666: σ=12.308616  n_basis=  27  iters=46  res_donaldson=9.116e-7  tier=converged      (3.80s)
  [15/20] seed=  1000: σ=15.530038  n_basis=  27  iters= 5  res_donaldson=5.452e-2  tier=non-converged  (0.63s)
  [16/20] seed=  2024: σ=3.663598  n_basis=  27  iters= 9  res_donaldson=4.496e-3  tier=ambiguous      (0.94s)
  [17/20] seed=  4242: σ=4.851141  n_basis=  27  iters=42  res_donaldson=8.010e-7  tier=converged      (3.42s)
  [18/20] seed= 57005: σ=9.263222  n_basis=  27  iters= 4  res_donaldson=1.050e-1  tier=non-converged  (0.54s)
  [19/20] seed= 48879: σ=2.377675  n_basis=  27  iters=22  res_donaldson=6.535e-7  tier=converged      (1.85s)
  [20/20] seed= 51966: σ=6.456220  n_basis=  27  iters=18  res_donaldson=9.343e-7  tier=converged      (1.55s)
  Stats:
               sigma_schoen_k3: mean=5.368323 std=3.5189e0 stderr=7.8685e-1  pct95=[4.000944, 6.979825]  bca95=[4.196594, 7.353088]

=== n-σ discrimination (Tier 0: STRICT-CONVERGED (residual < tol AND iters < cap)) ===
|  k |     <σ_TY> |      SE_TY | <σ_Schoen> |  SE_Schoen |         Δσ |    SE_comb |      n-σ |  n_TY |  n_Sc |     n-σ 95% CI |
|----|------------|------------|------------|------------|------------|------------|----------|-------|-------|----------------|
|  3 |   0.268309 |  8.9790e-4 |   4.357673 |  8.4997e-1 |  -4.089365 |  8.4997e-1 |    4.811 |    20 |    12 | [3.805, 9.989] |

=== n-σ discrimination (Tier 1: conservative (full 20+20)) ===
|  k |     <σ_TY> |      SE_TY | <σ_Schoen> |  SE_Schoen |         Δσ |    SE_comb |      n-σ |  n_TY |  n_Sc |     n-σ 95% CI |
|----|------------|------------|------------|------------|------------|------------|----------|-------|-------|----------------|
|  3 |   0.268309 |  8.9790e-4 |   5.368323 |  7.8685e-1 |  -5.100014 |  7.8685e-1 |    6.482 |    20 |    20 | [5.302, 11.001] |

=== n-σ discrimination (Tier 2: canonical (residual < 1e-3)) ===
|  k |     <σ_TY> |      SE_TY | <σ_Schoen> |  SE_Schoen |         Δσ |    SE_comb |      n-σ |  n_TY |  n_Sc |     n-σ 95% CI |
|----|------------|------------|------------|------------|------------|------------|----------|-------|-------|----------------|
|  3 |   0.268309 |  8.9790e-4 |   4.442612 |  7.3917e-1 |  -4.174304 |  7.3917e-1 |    5.647 |    20 |    14 | [4.426, 10.819] |

=== n-σ discrimination (Tier 3: Tukey-trimmed canonical with RE-TRIM bootstrap (round-4 Defect B fix)) ===
|  k |     <σ_TY> |      SE_TY | <σ_Schoen> |  SE_Schoen |         Δσ |    SE_comb |      n-σ |  n_TY |  n_Sc |     n-σ 95% CI |
|----|------------|------------|------------|------------|------------|------------|----------|-------|-------|----------------|
|  3 |   0.268309 |  8.9790e-4 |   3.837535 |  4.5858e-1 |  -3.569226 |  4.5858e-1 |    7.783 |    20 |    13 | [4.933, 13.168] |

=== Round-4 5σ verdict — four-tier ===
  Tier 0 (strict-converged): n-σ = 4.811 at k=3  CI=[3.805, 9.989]   point>=5=false  CI_lo>=5=false
  Tier 1 (conservative):     n-σ = 6.482 at k=3  CI=[5.302, 11.001]   point>=5=true  CI_lo>=5=true
  Tier 2 (canonical):        n-σ = 5.647 at k=3  CI=[4.426, 10.819]   point>=5=true  CI_lo>=5=false
  Tier 3 (Tukey re-trim):    n-σ = 7.783 at k=3  CI=[4.933, 13.168]   point>=5=true  CI_lo>=5=false

  HEADLINE TIER: Tier 1 (conservative full ensemble)
  HEADLINE n-σ = 6.482 at k=3  (95% CI = [5.302, 11.001])
  VERDICT      = 5σ DISCRIMINATION ACHIEVED — point estimate AND 95% CI lower bound both >= 5σ at headline tier
  conservative max n-σ (full 20+20, INCLUDES guard-restored snapshots) = 6.482 at k=3

=== Bootstrap-seed jitter sensitivity (B=10000) ===
  |                            label | primary_lo |   seed_999 | seed_31415 | max_jitter (σ) |
  |              strict_converged_k3 |      3.805 |      3.814 |      3.821 |         0.0163 |
  |                     canonical_k3 |      4.426 |      4.421 |      4.417 |         0.0091 |
  |              reference_retrim_k3 |      4.933 |      4.925 |      4.954 |         0.0209 |
  overall max_jitter = 0.0209σ (target: ≤0.05σ at B=10000)
P5.7 baseline (n_pts=10000, k=3): n-σ = 4.854.  P5.10 conservative (n_pts=25000, k=3): n-σ = 6.482.

=== n-σ discrimination (Legacy balanced-only (iters >= 10) — round-2 (Concern B), kept for back-compat) ===
|  k |     <σ_TY> |      SE_TY | <σ_Schoen> |  SE_Schoen |         Δσ |    SE_comb |      n-σ |  n_TY |  n_Sc |     n-σ 95% CI |
|----|------------|------------|------------|------------|------------|------------|----------|-------|-------|----------------|
|  3 |   0.268309 |  8.9790e-4 |   4.442612 |  7.3917e-1 |  -4.174304 |  7.3917e-1 |    5.647 |    20 |    14 | [4.426, 10.819] |

=== early-bail seeds (iters < 10) — final σ vs FS-identity σ ===
| candidate |   seed | iters |    σ_final |  σ_fs_identity |   rel_diff |
|----------|--------|-------|------------|----------------|------------|
|   Schoen |      2 |     3 |   5.266519 |       2.056473 |    +1.5609 |
|   Schoen |      5 |     2 |   6.780186 |       2.781554 |    +1.4376 |
|   Schoen |    271 |     4 |   4.666330 |       2.066353 |    +1.2582 |
|   Schoen |   1000 |     5 |  15.530038 |       2.246514 |    +5.9129 |
|   Schoen |   2024 |     9 |   3.663598 |       1.661146 |    +1.2055 |
|   Schoen |  57005 |     4 |   9.263222 |       2.018786 |    +3.5885 |
=== total elapsed: 251.8s ===
Wrote output/p5_10_round4.json
