=== P5.3 multi-seed σ ensemble ===
label=p5_3_full_20seeds, n_pts=10000, ks=[2, 3, 4], seeds(n=20)=[42, 100, 12345, 7, 99, 1, 2, 3, 4, 5, 137, 271, 314, 666, 1000, 2024, 4242, 57005, 48879, 51966]
Donaldson(50, 1e-10) -> sigma_refine_analytic(20, 1e-3)
Bootstrap: n_resamples=1000, seed=12345

--- k=2 (n_basis=15, n_pts=10000) ---
  [ 1/20] seed=    42: σ_FS=0.273092  σ_D=0.274414  σ_R=0.260373  (0.23s)
  [ 2/20] seed=   100: σ_FS=0.274351  σ_D=0.275357  σ_R=0.261874  (0.21s)
  [ 3/20] seed= 12345: σ_FS=0.273215  σ_D=0.274656  σ_R=0.260665  (0.21s)
  [ 4/20] seed=     7: σ_FS=0.274748  σ_D=0.276710  σ_R=0.262246  (0.22s)
  [ 5/20] seed=    99: σ_FS=0.274165  σ_D=0.275155  σ_R=0.261690  (0.21s)
  [ 6/20] seed=     1: σ_FS=0.274927  σ_D=0.275807  σ_R=0.262684  (0.22s)
  [ 7/20] seed=     2: σ_FS=0.272723  σ_D=0.273476  σ_R=0.260011  (0.22s)
  [ 8/20] seed=     3: σ_FS=0.275573  σ_D=0.276384  σ_R=0.262490  (0.21s)
  [ 9/20] seed=     4: σ_FS=0.278107  σ_D=0.278812  σ_R=0.265155  (0.22s)
  [10/20] seed=     5: σ_FS=0.275348  σ_D=0.276241  σ_R=0.262460  (0.21s)
  [11/20] seed=   137: σ_FS=0.275950  σ_D=0.276783  σ_R=0.262846  (0.22s)
  [12/20] seed=   271: σ_FS=0.276047  σ_D=0.278032  σ_R=0.263697  (0.21s)
  [13/20] seed=   314: σ_FS=0.275871  σ_D=0.276489  σ_R=0.263167  (0.22s)
  [14/20] seed=   666: σ_FS=0.268714  σ_D=0.270390  σ_R=0.256922  (0.21s)
  [15/20] seed=  1000: σ_FS=0.275004  σ_D=0.276177  σ_R=0.262738  (0.21s)
  [16/20] seed=  2024: σ_FS=0.275450  σ_D=0.276594  σ_R=0.262965  (0.21s)
  [17/20] seed=  4242: σ_FS=0.274212  σ_D=0.275222  σ_R=0.261255  (0.22s)
  [18/20] seed= 57005: σ_FS=0.275324  σ_D=0.276295  σ_R=0.262930  (0.21s)
  [19/20] seed= 48879: σ_FS=0.272153  σ_D=0.273784  σ_R=0.259719  (0.21s)
  [20/20] seed= 51966: σ_FS=0.271120  σ_D=0.273131  σ_R=0.259131  (0.22s)
  Stats:
         sigma_fs_identity: mean=0.274305 std=2.0517e-3 stderr=4.5877e-4  pct95=[0.273460, 0.275136]  bca95=[0.273333, 0.275018]
           sigma_donaldson: mean=0.275496 std=1.8646e-3 stderr=4.1693e-4  pct95=[0.274750, 0.276270]  bca95=[0.274615, 0.276156]
         sigma_post_refine: mean=0.261751 std=1.8535e-3 stderr=4.1445e-4  pct95=[0.260979, 0.262510]  bca95=[0.260882, 0.262428]
  AKO 2010: σ_AKO(2) = 0.228750, rel_dev_from_mean = +0.1443
    inside percentile 95% CI: false, inside BCa 95% CI: false

--- k=3 (n_basis=35, n_pts=10000) ---
  [ 1/20] seed=    42: σ_FS=0.198317  σ_D=0.203294  σ_R=0.183008  (1.08s)
  [ 2/20] seed=   100: σ_FS=0.199817  σ_D=0.204119  σ_R=0.184275  (1.09s)
  [ 3/20] seed= 12345: σ_FS=0.197407  σ_D=0.202501  σ_R=0.182626  (1.10s)
  [ 4/20] seed=     7: σ_FS=0.200016  σ_D=0.205645  σ_R=0.185586  (1.05s)
  [ 5/20] seed=    99: σ_FS=0.200767  σ_D=0.205103  σ_R=0.185557  (1.04s)
  [ 6/20] seed=     1: σ_FS=0.199137  σ_D=0.203410  σ_R=0.184593  (1.04s)
  [ 7/20] seed=     2: σ_FS=0.196647  σ_D=0.200833  σ_R=0.181904  (1.04s)
  [ 8/20] seed=     3: σ_FS=0.201007  σ_D=0.204872  σ_R=0.185391  (1.04s)
  [ 9/20] seed=     4: σ_FS=0.202627  σ_D=0.206644  σ_R=0.187614  (1.05s)
  [10/20] seed=     5: σ_FS=0.199646  σ_D=0.203879  σ_R=0.184326  (1.07s)
  [11/20] seed=   137: σ_FS=0.200759  σ_D=0.204905  σ_R=0.184155  (1.03s)
  [12/20] seed=   271: σ_FS=0.200108  σ_D=0.205882  σ_R=0.185534  (1.05s)
  [13/20] seed=   314: σ_FS=0.200483  σ_D=0.204266  σ_R=0.185082  (1.06s)
  [14/20] seed=   666: σ_FS=0.193592  σ_D=0.199287  σ_R=0.179534  (1.07s)
  [15/20] seed=  1000: σ_FS=0.198381  σ_D=0.203099  σ_R=0.183319  (1.04s)
  [16/20] seed=  2024: σ_FS=0.200612  σ_D=0.205410  σ_R=0.185706  (1.03s)
  [17/20] seed=  4242: σ_FS=0.199465  σ_D=0.203645  σ_R=0.184756  (1.06s)
  [18/20] seed= 57005: σ_FS=0.200527  σ_D=0.204790  σ_R=0.184675  (1.06s)
  [19/20] seed= 48879: σ_FS=0.198733  σ_D=0.204249  σ_R=0.184573  (1.08s)
  [20/20] seed= 51966: σ_FS=0.197145  σ_D=0.202982  σ_R=0.183515  (1.08s)
  Stats:
         sigma_fs_identity: mean=0.199260 std=1.9795e-3 stderr=4.4262e-4  pct95=[0.198422, 0.200075]  bca95=[0.198262, 0.199981]
           sigma_donaldson: mean=0.203941 std=1.7174e-3 stderr=3.8403e-4  pct95=[0.203251, 0.204621]  bca95=[0.203114, 0.204564]
         sigma_post_refine: mean=0.184287 std=1.6945e-3 stderr=3.7890e-4  pct95=[0.183589, 0.185010]  bca95=[0.183478, 0.184900]
  AKO 2010: σ_AKO(3) = 0.197778, rel_dev_from_mean = -0.0682
    inside percentile 95% CI: false, inside BCa 95% CI: false

--- k=4 (n_basis=70, n_pts=10000) ---
  [ 1/20] seed=    42: σ_FS=0.144377  σ_D=0.155444  σ_R=0.122091  (4.63s)
  [ 2/20] seed=   100: σ_FS=0.145827  σ_D=0.155729  σ_R=0.122830  (4.52s)
  [ 3/20] seed= 12345: σ_FS=0.142467  σ_D=0.153868  σ_R=0.120126  (4.56s)
  [ 4/20] seed=     7: σ_FS=0.146342  σ_D=0.158184  σ_R=0.124243  (4.58s)
  [ 5/20] seed=    99: σ_FS=0.148681  σ_D=0.159112  σ_R=0.125069  (4.57s)
  [ 6/20] seed=     1: σ_FS=0.144179  σ_D=0.154311  σ_R=0.121743  (4.58s)
  [ 7/20] seed=     2: σ_FS=0.141642  σ_D=0.151911  σ_R=0.119464  (4.79s)
  [ 8/20] seed=     3: σ_FS=0.147429  σ_D=0.156430  σ_R=0.123022  (4.67s)
  [ 9/20] seed=     4: σ_FS=0.148452  σ_D=0.158393  σ_R=0.125081  (4.40s)
  [10/20] seed=     5: σ_FS=0.145175  σ_D=0.155351  σ_R=0.122202  (4.60s)
  [11/20] seed=   137: σ_FS=0.146787  σ_D=0.156744  σ_R=0.122504  (4.53s)
  [12/20] seed=   271: σ_FS=0.145526  σ_D=0.157785  σ_R=0.124250  (4.59s)
  [13/20] seed=   314: σ_FS=0.146882  σ_D=0.156071  σ_R=0.123485  (4.72s)
  [14/20] seed=   666: σ_FS=0.139512  σ_D=0.151927  σ_R=0.118364  (4.60s)
  [15/20] seed=  1000: σ_FS=0.143156  σ_D=0.154353  σ_R=0.119817  (4.67s)
  [16/20] seed=  2024: σ_FS=0.147645  σ_D=0.158923  σ_R=0.124108  (4.50s)
  [17/20] seed=  4242: σ_FS=0.145899  σ_D=0.156035  σ_R=0.123335  (4.50s)
  [18/20] seed= 57005: σ_FS=0.146388  σ_D=0.156346  σ_R=0.122055  (4.42s)
  [19/20] seed= 48879: σ_FS=0.146012  σ_D=0.157808  σ_R=0.124071  (4.48s)
  [20/20] seed= 51966: σ_FS=0.144257  σ_D=0.156645  σ_R=0.123689  (4.44s)
  Stats:
         sigma_fs_identity: mean=0.145332 std=2.3200e-3 stderr=5.1876e-4  pct95=[0.144400, 0.146325]  bca95=[0.144304, 0.146234]
           sigma_donaldson: mean=0.156068 std=2.0595e-3 stderr=4.6051e-4  pct95=[0.155188, 0.156943]  bca95=[0.155152, 0.156893]
         sigma_post_refine: mean=0.122577 std=1.8910e-3 stderr=4.2284e-4  pct95=[0.121773, 0.123388]  bca95=[0.121663, 0.123286]
  AKO 2010: σ_AKO(4) = 0.138281, rel_dev_from_mean = -0.1136
    inside percentile 95% CI: false, inside BCa 95% CI: false

=== total elapsed: 117.7s ===
Wrote output/p5_3_multi_seed_ensemble.json
