warning: unused import: `num_complex::Complex64`
    --> src\pipeline.rs:1545:9
     |
1545 |     use num_complex::Complex64;
     |         ^^^^^^^^^^^^^^^^^^^^^^
     |
     = note: `#[warn(unused_imports)]` (part of `#[warn(unused)]`) on by default

warning: unused import: `cudarc::driver::sys::CUstream`
  --> src\gpu.rs:12:5
   |
12 | use cudarc::driver::sys::CUstream;
   |     ^^^^^^^^^^^^^^^^^^^^^^^^^^^^^

warning: use of deprecated associated function `route34::hidden_bundle::VisibleBundle::ty_aglp_2011_standard`: The literal AGLP-2011-Tab-5 provenance was not verified; use ty_chern_canonical_su5_monad for the same bundle with an honest citation footprint.
   --> src\route34\eta_evaluator.rs:396:34
    |
396 |     let visible = VisibleBundle::ty_aglp_2011_standard();
    |                                  ^^^^^^^^^^^^^^^^^^^^^
    |
    = note: `#[warn(deprecated)]` on by default

warning: use of deprecated associated function `route34::hidden_bundle::VisibleBundle::schoen_dhor_2006_minimal`: Use schoen_bhop2005_su4_extension for the literally published BHOP-2005 §6 extension bundle on the Schoen Z/3 × Z/3 Calabi-Yau.
   --> src\route34\eta_evaluator.rs:575:34
    |
575 |     let visible = VisibleBundle::schoen_dhor_2006_minimal();
    |                                  ^^^^^^^^^^^^^^^^^^^^^^^^

warning: use of deprecated associated function `route34::hidden_bundle::VisibleBundle::ty_aglp_2011_standard`: The literal AGLP-2011-Tab-5 provenance was not verified; use ty_chern_canonical_su5_monad for the same bundle with an honest citation footprint.
    --> src\route34\eta_evaluator.rs:1053:24
     |
1053 |         VisibleBundle::ty_aglp_2011_standard(),
     |                        ^^^^^^^^^^^^^^^^^^^^^

warning: use of deprecated associated function `route34::hidden_bundle::VisibleBundle::schoen_dhor_2006_minimal`: Use schoen_bhop2005_su4_extension for the literally published BHOP-2005 §6 extension bundle on the Schoen Z/3 × Z/3 Calabi-Yau.
    --> src\route34\eta_evaluator.rs:1079:24
     |
1079 |         VisibleBundle::schoen_dhor_2006_minimal(),
     |                        ^^^^^^^^^^^^^^^^^^^^^^^^

warning: use of deprecated method `rand::Rng::gen_range`: Renamed to `random_range`
    --> src\route34\ty_metric.rs:1702:31
     |
1702 |             let zr: f64 = rng.gen_range(-1.0..1.0);
     |                               ^^^^^^^^^

warning: use of deprecated method `rand::Rng::gen_range`: Renamed to `random_range`
    --> src\route34\ty_metric.rs:1703:31
     |
1703 |             let zi: f64 = rng.gen_range(-1.0..1.0);
     |                               ^^^^^^^^^

warning: use of deprecated method `rand::Rng::gen_range`: Renamed to `random_range`
    --> src\route34\ty_metric.rs:1704:31
     |
1704 |             let wr: f64 = rng.gen_range(-1.0..1.0);
     |                               ^^^^^^^^^

warning: use of deprecated method `rand::Rng::gen_range`: Renamed to `random_range`
    --> src\route34\ty_metric.rs:1705:31
     |
1705 |             let wi: f64 = rng.gen_range(-1.0..1.0);
     |                               ^^^^^^^^^

warning: unused import: `Deserialize`
  --> src\route34\metric_cache.rs:60:13
   |
60 | use serde::{Deserialize, Serialize};
   |             ^^^^^^^^^^^

warning: function `lm_divides` is never used
   --> src\route34\groebner.rs:354:4
    |
354 | fn lm_divides(divisor: &Polynomial, target: &Polynomial) -> bool {
    |    ^^^^^^^^^^
    |
    = note: `#[warn(dead_code)]` (part of `#[warn(unused)]`) on by default

warning: function `integrate_tr_f_squared_wedge_J` should have a snake case name
   --> src\route34\chern_field_strength.rs:188:8
    |
188 | pub fn integrate_tr_f_squared_wedge_J<B: Bundle>(
    |        ^^^^^^^^^^^^^^^^^^^^^^^^^^^^^^ help: convert the identifier to snake case: `integrate_tr_f_squared_wedge_j`
    |
    = note: `#[warn(non_snake_case)]` (part of `#[warn(nonstandard_style)]`) on by default

warning: `cy3_rust_solver` (lib) generated 13 warnings (run `cargo fix --lib -p cy3_rust_solver` to apply 2 suggestions)
    Finished `release` profile [optimized] target(s) in 0.09s
     Running `target\release\p5_9_ako_apples_to_apples.exe --n-pts 1000000 --ks 3,4 --output output/p5_5d_p5_9_full_postfix.json --md-output references/p5_5d_p5_9_full_postfix.md`
=== P5.9 ABKO apples-to-apples comparison ===
n_pts=1000000, ks=[3, 4], n_seeds=20, donaldson_iters_cap=50 (tol=1e-12)
Protocol: Donaldson-only (NO sigma_refine_analytic), Shiffman-Zelditch sampler.

--- Profiling pass: k=3, n_pts=1000000, seed=42 ---
  Profiling: σ_FS=0.197295, σ_D=0.193271 (27 iters), elapsed=29.75s
  Estimated total wallclock for full sweep (20 seeds × 2 k-values): 1190.0s = 19.83 min = 0.33 hr
--- k=3 (n_basis=35, n_pts=1000000) ---
  [ 1/20] seed=    42: σ_FS=0.197295  σ_D=0.193271  iters=27 (29.41s) [reused profile]
  [ 2/20] seed=   100: σ_FS=0.197203  σ_D=0.193173  iters=27 (28.23s)
  [ 3/20] seed= 12345: σ_FS=0.197030  σ_D=0.193018  iters=27 (30.76s)
  [ 4/20] seed=     7: σ_FS=0.197147  σ_D=0.193118  iters=27 (29.60s)
  [ 5/20] seed=    99: σ_FS=0.197197  σ_D=0.193177  iters=28 (52.08s)
  [ 6/20] seed=     1: σ_FS=0.197162  σ_D=0.193123  iters=27 (43.82s)
  [ 7/20] seed=     2: σ_FS=0.197026  σ_D=0.193015  iters=28 (49.38s)
  [ 8/20] seed=     3: σ_FS=0.197078  σ_D=0.193058  iters=28 (49.18s)
  [ 9/20] seed=     4: σ_FS=0.197046  σ_D=0.193015  iters=27 (48.27s)
  [10/20] seed=     5: σ_FS=0.197381  σ_D=0.193350  iters=27 (48.26s)
  [11/20] seed=   137: σ_FS=0.197300  σ_D=0.193275  iters=28 (46.98s)
  [12/20] seed=   271: σ_FS=0.197236  σ_D=0.193220  iters=27 (29.70s)
  [13/20] seed=   314: σ_FS=0.197115  σ_D=0.193090  iters=28 (29.39s)
  [14/20] seed=   666: σ_FS=0.197271  σ_D=0.193227  iters=27 (28.03s)
  [15/20] seed=  1000: σ_FS=0.197043  σ_D=0.193038  iters=27 (27.95s)
  [16/20] seed=  2024: σ_FS=0.197197  σ_D=0.193170  iters=27 (35.07s)
  [17/20] seed=  4242: σ_FS=0.197245  σ_D=0.193221  iters=27 (33.26s)
  [18/20] seed= 57005: σ_FS=0.197458  σ_D=0.193423  iters=27 (35.22s)
  [19/20] seed= 48879: σ_FS=0.196944  σ_D=0.192908  iters=28 (32.03s)
  [20/20] seed= 51966: σ_FS=0.197516  σ_D=0.193466  iters=28 (28.65s)
  Stats:
           sigma_donaldson: mean=0.193168 std=1.4418e-4 stderr=3.2240e-5  pct95=[0.193111, 0.193231]  bca95=[0.193111, 0.193231]
  ABKO 2010: σ_ABKO(3) = 0.197778, rel_dev_from_mean = -0.0233
    inside percentile 95% CI: false, inside BCa 95% CI: false

--- k=4 (n_basis=70, n_pts=1000000) ---
  [ 1/20] seed=    42: σ_FS=0.140613  σ_D=0.130384  iters=33 (150.81s)
  [ 2/20] seed=   100: σ_FS=0.140477  σ_D=0.130238  iters=34 (158.80s)
  [ 3/20] seed= 12345: σ_FS=0.140377  σ_D=0.130175  iters=34 (159.56s)
  [ 4/20] seed=     7: σ_FS=0.140324  σ_D=0.130084  iters=34 (162.01s)
  [ 5/20] seed=    99: σ_FS=0.140572  σ_D=0.130356  iters=34 (161.55s)
  [ 6/20] seed=     1: σ_FS=0.140315  σ_D=0.130052  iters=34 (154.89s)
