================================================
P7.3 — ω_fix gateway-eigenvalue diagnostic on Δ_∂̄^V (bundle Laplacian)
  predicted ω_fix = 1/2 - 1/dim(E_8) = 123/248
                  = 0.495967741935483875
================================================
  n_pts=40000  k=3  max_iter=100  seed=12345  kernel_zero_thresh=1e-3

--- running Schoen / AKLP bundle ---

=== Schoen/AKLP ===
  geometry: schoen_z3xz3, bundle: anderson_lukas_palti_example
  metric: iters=20  σ-residual=2.191e0  t=2.8s
  bundle Laplacian: seed_basis_dim=24  n_pts=40000  t=0.09s
  cohomology dim: predicted (BBW)=0, observed (|λ|<thresh·λ_max)=0, kernel_count_used=0
  λ_kernel_max=1.000000e-30   λ_lowest_nonzero=7.223397e-1   λ_max=1.299714e1   λ_mean=4.683948e0
  λ_trace=1.124148e2  vol_proxy=6.579018e0
  full spectrum[0..20]: 7.223e-1 7.576e-1 7.576e-1 7.955e-1 7.955e-1 8.385e-1 2.379e0 2.386e0 2.386e0 3.502e0 3.512e0 3.512e0 4.049e0 4.049e0 4.060e0 5.092e0 5.092e0 5.114e0 7.878e0 7.878e0 
  bottom-10 non-zero eigenvalues vs ω_fix = 0.495967741935 = 123/248:
    [0] λ=7.223397e-1  raw_ppm=456424.7  /λ1=1.000000 (1016260.2 ppm)  /λmax=0.055577 (887942.7 ppm)  /vol=0.109794 (778625.8 ppm)  /kernel=722339652242222554099583287296.000000 (1456424664683505474012590746493779968.0 ppm)  sigmoid=0.052651 (893842.6 ppm)
    [1] λ=7.576488e-1  raw_ppm=527617.1  /λ1=1.048882 (1114818.3 ppm)  /λmax=0.058293 (882465.2 ppm)  /vol=0.115161 (767804.7 ppm)  /kernel=757648817943037293395814907904.000000 (1527617128860758111885029079070539776.0 ppm)  sigmoid=0.055083 (888939.3 ppm)
    [2] λ=7.576488e-1  raw_ppm=527617.1  /λ1=1.048882 (1114818.3 ppm)  /λmax=0.058293 (882465.2 ppm)  /vol=0.115161 (767804.7 ppm)  /kernel=757648817943042782157860765696.000000 (1527617128860769327505425894477922304.0 ppm)  sigmoid=0.055083 (888939.3 ppm)
    [3] λ=7.955224e-1  raw_ppm=603980.1  /λ1=1.101314 (1220534.5 ppm)  /λmax=0.061207 (876589.8 ppm)  /vol=0.120918 (756197.6 ppm)  /kernel=795522411679519412745458941952.000000 (1603980147126185287249461939741392896.0 ppm)  sigmoid=0.057677 (883707.8 ppm)
    [4] λ=7.955224e-1  raw_ppm=603980.1  /λ1=1.101314 (1220534.5 ppm)  /λmax=0.061207 (876589.8 ppm)  /vol=0.120918 (756197.6 ppm)  /kernel=795522411679533205019317764096.000000 (1603980147126213326300453978259849216.0 ppm)  sigmoid=0.057677 (883707.8 ppm)
    [5] λ=8.385272e-1  raw_ppm=690688.9  /λ1=1.160849 (1340573.3 ppm)  /λmax=0.064516 (869918.4 ppm)  /vol=0.127455 (743018.0 ppm)  /kernel=838527168636104545156892459008.000000 (1690688925380113322813615870949982208.0 ppm)  sigmoid=0.060606 (877802.2 ppm)
    [6] λ=2.378935e0  raw_ppm=3796552.4  /λ1=3.293375 (5640300.6 ppm)  /λmax=0.183035 (630953.3 ppm)  /vol=0.361594 (270931.9 ppm)  /kernel=2378935283631496490828695601152.000000 (4796552441793586557729141925431214080.0 ppm)  sigmoid=0.154717 (688051.0 ppm)
    [7] λ=2.385711e0  raw_ppm=3810214.6  /λ1=3.302755 (5659214.3 ppm)  /λmax=0.183557 (629902.2 ppm)  /vol=0.362624 (268855.2 ppm)  /kernel=2385711254050080509741192183808.000000 (4810214561011544461379000140526780416.0 ppm)  sigmoid=0.155089 (687300.3 ppm)
    [8] λ=2.385711e0  raw_ppm=3810214.6  /λ1=3.302755 (5659214.3 ppm)  /λmax=0.183557 (629902.2 ppm)  /vol=0.362624 (268855.2 ppm)  /kernel=2385711254050158759784717746176.000000 (4810214561011702070360365914935787520.0 ppm)  sigmoid=0.155089 (687300.3 ppm)
    [9] λ=3.502252e0  raw_ppm=6061450.6  /λ1=4.848483 (8775803.6 ppm)  /λmax=0.269463 (456692.1 ppm)  /vol=0.532337 ( 73329.0 ppm)  /kernel=3502251692736815101463654039552.000000 (7061450567469351019681582353360093184.0 ppm)  sigmoid=0.212265 (572017.6 ppm)
  closest-to-ω_fix:  rank=6 λ=2.378935e0 scheme=by_mean_eigvalue value=0.507891 residual=24040.496 ppm

--- running TY / AKLP bundle (control) ---

=== TY/AKLP ===
  geometry: tian_yau_z3, bundle: anderson_lukas_palti_example
  metric: iters=16  σ-residual=2.674e-1  t=17.9s
  bundle Laplacian: seed_basis_dim=24  n_pts=40000  t=0.09s
  cohomology dim: predicted (BBW)=9, observed (|λ|<thresh·λ_max)=0, kernel_count_used=9
  λ_kernel_max=1.446125e0   λ_lowest_nonzero=1.461917e0   λ_max=1.757281e0   λ_mean=1.507406e0
  λ_trace=3.617775e1  vol_proxy=3.606580e-2
  full spectrum[0..20]: 1.208e0 1.213e0 1.213e0 1.238e0 1.238e0 1.244e0 1.445e0 1.446e0 1.446e0 1.462e0 1.462e0 1.463e0 1.595e0 1.595e0 1.595e0 1.635e0 1.635e0 1.635e0 1.713e0 1.717e0 
  bottom-10 non-zero eigenvalues vs ω_fix = 0.495967741935 = 123/248:
    [0] λ=1.461917e0  raw_ppm=1947605.8  /λ1=1.000000 (1016260.2 ppm)  /λmax=0.831920 (677367.0 ppm)  /vol=40.534733 (80728566.6 ppm)  /kernel=1.010920 (1038278.3 ppm)  sigmoid=0.454125 ( 84366.6 ppm)
    [1] λ=1.461917e0  raw_ppm=1947605.8  /λ1=1.000000 (1016260.2 ppm)  /λmax=0.831920 (677367.0 ppm)  /vol=40.534733 (80728566.6 ppm)  /kernel=1.010920 (1038278.3 ppm)  sigmoid=0.454125 ( 84366.6 ppm)
    [2] λ=1.463441e0  raw_ppm=1950678.5  /λ1=1.001042 (1018362.0 ppm)  /λmax=0.832787 (679115.6 ppm)  /vol=40.576988 (80813763.5 ppm)  /kernel=1.011974 (1040403.1 ppm)  sigmoid=0.454383 ( 83845.8 ppm)
    [3] λ=1.594965e0  raw_ppm=2215865.1  /λ1=1.091009 (1199758.4 ppm)  /λmax=0.907632 (830022.9 ppm)  /vol=44.223767 (88166619.4 ppm)  /kernel=1.102923 (1223780.4 ppm)  sigmoid=0.475790 ( 40683.6 ppm)
    [4] λ=1.595231e0  raw_ppm=2216399.9  /λ1=1.091191 (1200124.2 ppm)  /λmax=0.907783 (830327.2 ppm)  /vol=44.231121 (88181447.5 ppm)  /kernel=1.103107 (1224150.2 ppm)  sigmoid=0.475831 ( 40600.0 ppm)
    [5] λ=1.595231e0  raw_ppm=2216399.9  /λ1=1.091191 (1200124.2 ppm)  /λmax=0.907783 (830327.2 ppm)  /vol=44.231121 (88181447.5 ppm)  /kernel=1.103107 (1224150.2 ppm)  sigmoid=0.475831 ( 40600.0 ppm)
    [6] λ=1.634751e0  raw_ppm=2296082.6  /λ1=1.118224 (1254629.8 ppm)  /λmax=0.930273 (875671.5 ppm)  /vol=45.326897 (90390817.5 ppm)  /kernel=1.130435 (1279251.0 ppm)  sigmoid=0.481938 ( 28286.7 ppm)
    [7] λ=1.634804e0  raw_ppm=2296189.4  /λ1=1.118260 (1254702.9 ppm)  /λmax=0.930303 (875732.3 ppm)  /vol=45.328367 (90393780.1 ppm)  /kernel=1.130472 (1279324.9 ppm)  sigmoid=0.481947 ( 28270.4 ppm)
    [8] λ=1.634804e0  raw_ppm=2296189.4  /λ1=1.118260 (1254702.9 ppm)  /λmax=0.930303 (875732.3 ppm)  /vol=45.328367 (90393780.1 ppm)  /kernel=1.130472 (1279324.9 ppm)  sigmoid=0.481947 ( 28270.4 ppm)
    [9] λ=1.712998e0  raw_ppm=2453849.2  /λ1=1.171747 (1362547.4 ppm)  /λmax=0.974800 (965450.3 ppm)  /vol=47.496464 (94765229.1 ppm)  /kernel=1.184543 (1388347.1 ppm)  sigmoid=0.493620 (  4734.5 ppm)
  closest-to-ω_fix:  rank=9 λ=1.712998e0 scheme=by_sigmoid value=0.493620 residual=4734.466 ppm

================================================
VERDICT:
Schoen/AKLP: rank=6 λ=2.378935e0 via by_mean_eigvalue -> 0.507891 (24040.496 ppm = 2.4040% off ω_fix) — FAILED (>1% off ω_fix)
TY/AKLP: rank=9 λ=1.712998e0 via by_sigmoid -> 0.493620 (4734.466 ppm = 0.4734% off ω_fix) — MARGINAL (<=1% but >100 ppm)

================================================

Wrote output/p7_3_bundle_laplacian_omega_fix.json
Total elapsed: 21.0s
