warning: unused import: `num_complex::Complex64`
    --> src\pipeline.rs:1545:9
     |
1545 |     use num_complex::Complex64;
     |         ^^^^^^^^^^^^^^^^^^^^^^
     |
     = note: `#[warn(unused_imports)]` (part of `#[warn(unused)]`) on by default

warning: unused import: `in_e8_root_lattice`
   --> src\route34\wilson_line_e8_z3xz3.rs:104:48
    |
104 | use crate::route34::wilson_line_e8::{e8_roots, in_e8_root_lattice, WilsonLineE8};
    |                                                ^^^^^^^^^^^^^^^^^^

warning: unused import: `cudarc::driver::sys::CUstream`
  --> src\gpu.rs:12:5
   |
12 | use cudarc::driver::sys::CUstream;
   |     ^^^^^^^^^^^^^^^^^^^^^^^^^^^^^

warning: use of deprecated associated function `route34::hidden_bundle::VisibleBundle::ty_aglp_2011_standard`: The literal AGLP-2011-Tab-5 provenance was not verified; use ty_chern_canonical_su5_monad for the same bundle with an honest citation footprint.
   --> src\route34\eta_evaluator.rs:396:34
    |
396 |     let visible = VisibleBundle::ty_aglp_2011_standard();
    |                                  ^^^^^^^^^^^^^^^^^^^^^
    |
    = note: `#[warn(deprecated)]` on by default

warning: use of deprecated associated function `route34::hidden_bundle::VisibleBundle::schoen_dhor_2006_minimal`: Use schoen_bhop2005_su4_extension for the literally published BHOP-2005 §6 extension bundle on the Schoen Z/3 × Z/3 Calabi-Yau.
   --> src\route34\eta_evaluator.rs:575:34
    |
575 |     let visible = VisibleBundle::schoen_dhor_2006_minimal();
    |                                  ^^^^^^^^^^^^^^^^^^^^^^^^

warning: use of deprecated associated function `route34::hidden_bundle::VisibleBundle::ty_aglp_2011_standard`: The literal AGLP-2011-Tab-5 provenance was not verified; use ty_chern_canonical_su5_monad for the same bundle with an honest citation footprint.
    --> src\route34\eta_evaluator.rs:1053:24
     |
1053 |         VisibleBundle::ty_aglp_2011_standard(),
     |                        ^^^^^^^^^^^^^^^^^^^^^

warning: use of deprecated associated function `route34::hidden_bundle::VisibleBundle::schoen_dhor_2006_minimal`: Use schoen_bhop2005_su4_extension for the literally published BHOP-2005 §6 extension bundle on the Schoen Z/3 × Z/3 Calabi-Yau.
    --> src\route34\eta_evaluator.rs:1079:24
     |
1079 |         VisibleBundle::schoen_dhor_2006_minimal(),
     |                        ^^^^^^^^^^^^^^^^^^^^^^^^

warning: use of deprecated method `rand::Rng::gen_range`: Renamed to `random_range`
    --> src\route34\ty_metric.rs:2234:31
     |
2234 |             let zr: f64 = rng.gen_range(-1.0..1.0);
     |                               ^^^^^^^^^

warning: use of deprecated method `rand::Rng::gen_range`: Renamed to `random_range`
    --> src\route34\ty_metric.rs:2235:31
     |
2235 |             let zi: f64 = rng.gen_range(-1.0..1.0);
     |                               ^^^^^^^^^

warning: use of deprecated method `rand::Rng::gen_range`: Renamed to `random_range`
    --> src\route34\ty_metric.rs:2236:31
     |
2236 |             let wr: f64 = rng.gen_range(-1.0..1.0);
     |                               ^^^^^^^^^

warning: use of deprecated method `rand::Rng::gen_range`: Renamed to `random_range`
    --> src\route34\ty_metric.rs:2237:31
     |
2237 |             let wi: f64 = rng.gen_range(-1.0..1.0);
     |                               ^^^^^^^^^

warning: unused import: `Deserialize`
  --> src\route34\metric_cache.rs:60:13
   |
60 | use serde::{Deserialize, Serialize};
   |             ^^^^^^^^^^^

warning: function `lm_divides` is never used
   --> src\route34\groebner.rs:354:4
    |
354 | fn lm_divides(divisor: &Polynomial, target: &Polynomial) -> bool {
    |    ^^^^^^^^^^
    |
    = note: `#[warn(dead_code)]` (part of `#[warn(unused)]`) on by default

warning: function `integrate_tr_f_squared_wedge_J` should have a snake case name
   --> src\route34\chern_field_strength.rs:188:8
    |
188 | pub fn integrate_tr_f_squared_wedge_J<B: Bundle>(
    |        ^^^^^^^^^^^^^^^^^^^^^^^^^^^^^^ help: convert the identifier to snake case: `integrate_tr_f_squared_wedge_j`
    |
    = note: `#[warn(non_snake_case)]` (part of `#[warn(nonstandard_style)]`) on by default

warning: `cy3_rust_solver` (lib) generated 14 warnings (run `cargo fix --lib -p cy3_rust_solver` to apply 3 suggestions)
    Finished `release` profile [optimized] target(s) in 0.19s
     Running `target\release\p6_3_chain_match_diagnostic.exe --p7-2 --basis-sweep --k 4 --n-pts 8000 --max-iter 25 --donaldson-tol 1e-6 --adam-iters 0 --use-gpu --orthogonalize --seed 12345 --test-degree-list 2,3,4`
================================================
[RETRACTED] P6.3 chain-match result is retracted
            per P6.3b — see references/p6_3_chain_match.md
            Binary kept for diagnostic / re-runs only.
================================================
=== P7.2 chain-position eigenvalue clustering test ===
  n_pts=8000  k=4  max_iter=25  seed=12345
  n_low=15  degrees=[2, 3, 4]
  assign=Hungarian  per-point time cap = 300s

=== TY/Z3 metric solve (once for all degrees) ===
  metric: iters=23 sigma=2.852e-1 t=37.5s
  --- TY/Z3 | spectrum solve at deg=2 ---
    basis_dim=18 elapsed=0.0s n_low_kept=15
    chain=quark: matched=6 residual=23.8245 max_dev=9.7298
    chain=lepton: matched=8 residual=45.4123 max_dev=11.9401
  --- TY/Z3 | spectrum solve at deg=3 ---
    basis_dim=62 elapsed=0.1s n_low_kept=15
    chain=quark: matched=6 residual=24.3125 max_dev=9.9573
    chain=lepton: matched=8 residual=45.8909 max_dev=12.1676
  --- TY/Z3 | spectrum solve at deg=4 ---
    basis_dim=178 elapsed=1.0s n_low_kept=15
    chain=quark: matched=6 residual=24.3498 max_dev=9.9737
    chain=lepton: matched=8 residual=45.8460 max_dev=12.1840

=== Schoen/Z3xZ3 metric solve (once for all degrees) ===
  metric: iters=25 sigma=2.431e0 t=3.1s
  --- Schoen/Z3xZ3 | spectrum solve at deg=2 ---
    basis_dim=13 elapsed=0.0s n_low_kept=13
    chain=quark: matched=6 residual=8.4918 max_dev=4.3255
    chain=lepton: matched=8 residual=7.3994 max_dev=2.3047
  --- Schoen/Z3xZ3 | spectrum solve at deg=3 ---
    basis_dim=44 elapsed=0.1s n_low_kept=15
    chain=quark: matched=6 residual=9.8507 max_dev=3.8337
    chain=lepton: matched=8 residual=10.2094 max_dev=3.3054
  --- Schoen/Z3xZ3 | spectrum solve at deg=4 ---
    basis_dim=119 elapsed=0.4s n_low_kept=15
    chain=quark: matched=6 residual=13.9556 max_dev=4.9126
    chain=lepton: matched=8 residual=14.9886 max_dev=3.9128

=== P7.2 verdict ===
  overall_converged = false
  headline: [quark chain @ deg=4: Δ = − 10.394 (Schoen wins) sign-agree=true stable=false] [lepton chain @ deg=4: Δ = − 30.857 (Schoen wins) sign-agree=true stable=false] 
  quark chain @ deg=2: TY=Some(23.8244713285166) Schoen=Some(8.491836947716521) Δ=Some(-15.33263438080008) (Schoen wins)
  quark chain @ deg=3: TY=Some(24.31254337429414) Schoen=Some(9.850748290128148) Δ=Some(-14.461795084165992) (Schoen wins)
  quark chain @ deg=4: TY=Some(24.349845542614077) Schoen=Some(13.955633831177176) Δ=Some(-10.3942117114369) (Schoen wins)
  lepton chain @ deg=2: TY=Some(45.41226796749959) Schoen=Some(7.399430604905488) Δ=Some(-38.0128373625941) (Schoen wins)
  lepton chain @ deg=3: TY=Some(45.89093406671746) Schoen=Some(10.209392487722036) Δ=Some(-35.68154157899543) (Schoen wins)
  lepton chain @ deg=4: TY=Some(45.845961610300215) Schoen=Some(14.988621831123378) Δ=Some(-30.857339779176836) (Schoen wins)
  candidate=TY/Z3 chain=quark stable=true converged_deg=Some(4) converged_res=Some(24.349845542614077)
    NOTE: deg 2->3: residual 23.8245 -> 24.3125 (rel-Δ=0.020)
    NOTE: deg 3->4: residual 24.3125 -> 24.3498 (rel-Δ=0.002)
  candidate=TY/Z3 chain=lepton stable=true converged_deg=Some(4) converged_res=Some(45.845961610300215)
    NOTE: deg 2->3: residual 45.4123 -> 45.8909 (rel-Δ=0.011)
    NOTE: deg 3->4: residual 45.8909 -> 45.8460 (rel-Δ=0.001)
  candidate=Schoen/Z3xZ3 chain=quark stable=false converged_deg=None converged_res=None
    NOTE: deg 2->3: residual 8.4918 -> 9.8507 (rel-Δ=0.160)
    NOTE: deg 3->4: residual 9.8507 -> 13.9556 (rel-Δ=0.417)
  candidate=Schoen/Z3xZ3 chain=lepton stable=false converged_deg=None converged_res=None
    NOTE: deg 2->3: residual 7.3994 -> 10.2094 (rel-Δ=0.380)
    NOTE: deg 3->4: residual 10.2094 -> 14.9886 (rel-Δ=0.468)

Wrote output/p7_2_chain_sweep.json
Total elapsed: 42.6s
