   Compiling cy3_rust_solver v0.1.0 (<HOME>\dev\gds-monorepo\book\scripts\cy3_substrate_discrimination\rust_solver)
warning: unused import: `num_complex::Complex64`
    --> src\pipeline.rs:1545:9
     |
1545 |     use num_complex::Complex64;
     |         ^^^^^^^^^^^^^^^^^^^^^^
     |
     = note: `#[warn(unused_imports)]` (part of `#[warn(unused)]`) on by default

warning: unused import: `in_e8_root_lattice`
   --> src\route34\wilson_line_e8_z3xz3.rs:104:48
    |
104 | use crate::route34::wilson_line_e8::{e8_roots, in_e8_root_lattice, WilsonLineE8};
    |                                                ^^^^^^^^^^^^^^^^^^

warning: unused import: `cudarc::driver::sys::CUstream`
  --> src\gpu.rs:12:5
   |
12 | use cudarc::driver::sys::CUstream;
   |     ^^^^^^^^^^^^^^^^^^^^^^^^^^^^^

warning: use of deprecated associated function `route34::hidden_bundle::VisibleBundle::ty_aglp_2011_standard`: The literal AGLP-2011-Tab-5 provenance was not verified; use ty_chern_canonical_su5_monad for the same bundle with an honest citation footprint.
   --> src\route34\eta_evaluator.rs:396:34
    |
396 |     let visible = VisibleBundle::ty_aglp_2011_standard();
    |                                  ^^^^^^^^^^^^^^^^^^^^^
    |
    = note: `#[warn(deprecated)]` on by default

warning: use of deprecated associated function `route34::hidden_bundle::VisibleBundle::schoen_dhor_2006_minimal`: Use schoen_bhop2005_su4_extension for the literally published BHOP-2005 §6 extension bundle on the Schoen Z/3 × Z/3 Calabi-Yau.
   --> src\route34\eta_evaluator.rs:575:34
    |
575 |     let visible = VisibleBundle::schoen_dhor_2006_minimal();
    |                                  ^^^^^^^^^^^^^^^^^^^^^^^^

warning: use of deprecated associated function `route34::hidden_bundle::VisibleBundle::ty_aglp_2011_standard`: The literal AGLP-2011-Tab-5 provenance was not verified; use ty_chern_canonical_su5_monad for the same bundle with an honest citation footprint.
    --> src\route34\eta_evaluator.rs:1054:24
     |
1054 |         VisibleBundle::ty_aglp_2011_standard(),
     |                        ^^^^^^^^^^^^^^^^^^^^^

warning: use of deprecated associated function `route34::hidden_bundle::VisibleBundle::schoen_dhor_2006_minimal`: Use schoen_bhop2005_su4_extension for the literally published BHOP-2005 §6 extension bundle on the Schoen Z/3 × Z/3 Calabi-Yau.
    --> src\route34\eta_evaluator.rs:1080:24
     |
1080 |         VisibleBundle::schoen_dhor_2006_minimal(),
     |                        ^^^^^^^^^^^^^^^^^^^^^^^^

warning: use of deprecated method `rand::Rng::gen_range`: Renamed to `random_range`
    --> src\route34\ty_metric.rs:2388:31
     |
2388 |             let zr: f64 = rng.gen_range(-1.0..1.0);
     |                               ^^^^^^^^^

warning: use of deprecated method `rand::Rng::gen_range`: Renamed to `random_range`
    --> src\route34\ty_metric.rs:2389:31
     |
2389 |             let zi: f64 = rng.gen_range(-1.0..1.0);
     |                               ^^^^^^^^^

warning: use of deprecated method `rand::Rng::gen_range`: Renamed to `random_range`
    --> src\route34\ty_metric.rs:2390:31
     |
2390 |             let wr: f64 = rng.gen_range(-1.0..1.0);
     |                               ^^^^^^^^^

warning: use of deprecated method `rand::Rng::gen_range`: Renamed to `random_range`
    --> src\route34\ty_metric.rs:2391:31
     |
2391 |             let wi: f64 = rng.gen_range(-1.0..1.0);
     |                               ^^^^^^^^^

warning: unused import: `Deserialize`
  --> src\route34\metric_cache.rs:60:13
   |
60 | use serde::{Deserialize, Serialize};
   |             ^^^^^^^^^^^

warning: function `lm_divides` is never used
   --> src\route34\groebner.rs:354:4
    |
354 | fn lm_divides(divisor: &Polynomial, target: &Polynomial) -> bool {
    |    ^^^^^^^^^^
    |
    = note: `#[warn(dead_code)]` (part of `#[warn(unused)]`) on by default

warning: function `integrate_tr_f_squared_wedge_J` should have a snake case name
   --> src\route34\chern_field_strength.rs:188:8
    |
188 | pub fn integrate_tr_f_squared_wedge_J<B: Bundle>(
    |        ^^^^^^^^^^^^^^^^^^^^^^^^^^^^^^ help: convert the identifier to snake case: `integrate_tr_f_squared_wedge_j`
    |
    = note: `#[warn(non_snake_case)]` (part of `#[warn(nonstandard_style)]`) on by default

warning: `cy3_rust_solver` (lib) generated 14 warnings (run `cargo fix --lib -p cy3_rust_solver` to apply 3 suggestions)
    Finished `release` profile [optimized] target(s) in 1m 10s
     Running `target\release\p8_3_followup_a2_tensor_sparsity_diag.exe`
=== P8.3-followup-A2 T-tensor sparsity diagnostic ===
n_pts=200, seed=42, k_or_dx=3, max_iter=50, donaldson_tol=1e-9
MAG_FLOOR (treat |T| <= floor as zero) = 1e-10

==================================================================
TY/Z3 (k=3)
==================================================================
metric: σ=7.616940e-1  iters=50  n_basis=87
metric background: 200 accepted points
HYM solved (h_V dim = 6)
harmonic modes: returned=9, predicted=9, observed=9
Yukawa T tensor: n=9, total entries=729
CSV written: output\p8_3_followup_a2_tensor_TY.csv

--- Sparsity statistics (TY/Z3) ---
Total entries           : 729
Non-zero entries        : 343
Sparsity ratio (zeros/N): 0.5295
max |T|                 : 4.625529e0
min nonzero |T|         : 2.567279e-2
mean nonzero |T|        : 2.946512e-1

--- Per-Higgs-slice rank (9x9 (i,j) submatrix at fixed k) ---
  k    rank    n_nz          max|T|        fro_norm
  0       7      49      1.208824e0      2.516054e0
  1       7      49     3.672403e-1      1.443636e0
  2       7      49     9.422439e-1      2.677848e0
  3       7      49     6.375081e-1      1.149180e0
  4       7       0      0.000000e0    6.928818e-12
  5       7       0      0.000000e0    5.043109e-12
  6       7      49      1.479447e0      3.737536e0
  7       7      49      1.064021e0      2.301968e0
  8       7      49      4.625529e0      5.672458e0

--- Sector assignment ---
up_quark  : [2]
down_quark: [1, 3, 4, 7]
lepton    : [0, 5, 6, 8]
higgs     : [0, 5, 6, 8]
h_0 (lowest-eigenvalue Higgs index)    : 0

--- Mode eigenvalues (ascending order from solver) ---
  λ[ 0] = 1.147938e0
  λ[ 1] = 1.151298e0
  λ[ 2] = 1.151298e0
  λ[ 3] = 1.241388e0
  λ[ 4] = 1.243307e0
  λ[ 5] = 1.243307e0
  λ[ 6] = 1.307563e0
  λ[ 7] = 1.313128e0
  λ[ 8] = 1.313128e0

--- Sector x sector buckets evaluated at h_0=0 ---
Y_u (up x up):
           rj=2          rj=--         rj=--     
li=2  : +9.542e-2     0         0     
li=-- :     0         0         0     
li=-- :     0         0         0     
Y_d (up x down):
           rj=1          rj=3          rj=4      
li=2  : +2.604e-1 +4.367e-2 +6.955e-13 
li=-- :     0         0         0     
li=-- :     0         0         0     
Y_e (lepton x lepton):
           rj=0          rj=5          rj=6      
li=0  : +6.171e-1 +4.231e-13 +2.184e-1 
li=5  : +4.231e-13 +1.367e-24 +3.185e-13 
li=6  : +2.184e-1 +3.185e-13 +5.621e-1 

--- Assignment vs sparsity cross-reference ---
(For each sector pair: of the 9 (li,rj) buckets evaluated at h_0,
 how many are above the MAG_FLOOR on the T_{i,j,h_0} slice?)
h_0 slice has 49 non-zero (i,j) entries (out of 81)
Y_u (up x up)          buckets=[Some((2, 2)), None, None, None, None, None, None, None, None]  hit=1/9
Y_d (up x down)        buckets=[Some((2, 1)), Some((2, 3)), Some((2, 4)), None, None, None, None, None, None]  hit=2/9
Y_e (lepton x lepton)  buckets=[Some((0, 0)), Some((0, 5)), Some((0, 6)), Some((5, 0)), Some((5, 5)), Some((5, 6)), Some((6, 0)), Some((6, 5)), Some((6, 6))]  hit=4/9

--- Verdict (TY/Z3) ---
Non-zero (i,j) entries at h_0 = 49
Rank of T_{:,:,h_0} 9x9 slice = 7
VERDICT: cause (b) ASSIGNMENT-DRIVEN — T has 49 non-zero (i,j) entries at h_0,
         rank 7, but bucket overlap with sector indices is sparse.
→ Recommend P8.3-followup-B (real Schoen 3-factor bundle providing 3 Wilson
  Z/3 phase classes). Once 3 phase classes exist, the round-robin fallback in
  assign_sectors_dynamic disengages and bucket assignment becomes consistent.

==================================================================
Schoen Z/3xZ/3 (d=(3,3,1))
==================================================================
metric: σ=5.288258e0  iters=50  n_basis=27
metric background: 200 accepted points
HYM solved (h_V dim = 6)
harmonic modes: returned=10, predicted=0, observed=10
Yukawa T tensor: n=10, total entries=1000
CSV written: output\p8_3_followup_a2_tensor_Schoen.csv

--- Sparsity statistics (Schoen/Z3xZ3) ---
Total entries           : 1000
Non-zero entries        : 766
Sparsity ratio (zeros/N): 0.2340
max |T|                 : 5.474767e4
min nonzero |T|         : 1.571300e-10
mean nonzero |T|        : 2.155748e3

--- Per-Higgs-slice rank (9x9 (i,j) submatrix at fixed k) ---
  k    rank    n_nz          max|T|        fro_norm
  0       6      73     6.079510e-1      1.546304e0
  1       7      36     4.081236e-8     8.943272e-8
  2       6      65     2.051483e-1     3.698281e-1
  3       6      90      1.808708e4      4.245754e4
  4       6      90      2.904088e4      7.183362e4
  5       6      90      2.904088e4      7.110029e4
  6       6      88      4.766675e3      1.204722e4
  7       6      50     9.727862e-5     2.335007e-4
  8       6      92      2.262040e4      6.544752e4
  9       6      92      5.474767e4      9.695267e4

--- Sector assignment ---
up_quark  : [4, 5, 8, 9]
down_quark: [2, 3, 6, 7]
lepton    : [0, 1]
higgs     : [0, 1]
h_0 (lowest-eigenvalue Higgs index)    : 0

--- Mode eigenvalues (ascending order from solver) ---
  λ[ 0] = -1.245268e-2
  λ[ 1] = -1.271545e-19
  λ[ 2] = 4.830491e-1
  λ[ 3] = 5.176822e-1
  λ[ 4] = 5.340224e-1
  λ[ 5] = 9.192619e-1
  λ[ 6] = 1.584263e3
  λ[ 7] = 1.621299e3
  λ[ 8] = 2.150758e3
  λ[ 9] = 2.219753e3

--- Sector x sector buckets evaluated at h_0=0 ---
Y_u (up x up):
           rj=4          rj=5          rj=8      
li=4  : +6.080e-1 +3.829e-1 +9.249e-2 
li=5  : +3.829e-1 +5.221e-1 +2.531e-1 
li=8  : +9.249e-2 +2.531e-1 +2.156e-1 
Y_d (up x down):
           rj=2          rj=3          rj=6      
li=4  : +5.399e-6 +1.516e-1 +2.037e-2 
li=5  : +3.135e-6 +1.862e-1 +2.057e-2 
li=8  : +2.717e-7 +4.014e-2 +1.716e-2 
Y_e (lepton x lepton):
           rj=0          rj=1          rj=--     
li=0  : +1.673e-6 +4.463e-16     0     
li=1  : +4.463e-16 +4.564e-23     0     
li=-- :     0         0         0     

--- Assignment vs sparsity cross-reference ---
(For each sector pair: of the 9 (li,rj) buckets evaluated at h_0,
 how many are above the MAG_FLOOR on the T_{i,j,h_0} slice?)
h_0 slice has 73 non-zero (i,j) entries (out of 100)
Y_u (up x up)          buckets=[Some((4, 4)), Some((4, 5)), Some((4, 8)), Some((5, 4)), Some((5, 5)), Some((5, 8)), Some((8, 4)), Some((8, 5)), Some((8, 8))]  hit=9/9
Y_d (up x down)        buckets=[Some((4, 2)), Some((4, 3)), Some((4, 6)), Some((5, 2)), Some((5, 3)), Some((5, 6)), Some((8, 2)), Some((8, 3)), Some((8, 6))]  hit=9/9
Y_e (lepton x lepton)  buckets=[Some((0, 0)), Some((0, 1)), None, Some((1, 0)), Some((1, 1)), None, None, None, None]  hit=1/9

--- Verdict (Schoen/Z3xZ3) ---
Non-zero (i,j) entries at h_0 = 73
Rank of T_{:,:,h_0} 9x9 slice = 6
VERDICT: cause (b) ASSIGNMENT-DRIVEN — T has 73 non-zero (i,j) entries at h_0,
         rank 6, but bucket overlap with sector indices is sparse.
→ Recommend P8.3-followup-B (real Schoen 3-factor bundle providing 3 Wilson
  Z/3 phase classes). Once 3 phase classes exist, the round-robin fallback in
  assign_sectors_dynamic disengages and bucket assignment becomes consistent.

==================================================================
=== TY vs Schoen comparison ===
==================================================================
label           n_modes     n_nz   sparsity       max|T|    min_nz|T|   mean_nz|T|
TY/Z3                 9      343     0.5295     4.6255e0    2.5673e-2    2.9465e-1
Schoen/Z3xZ3         10      766     0.2340     5.4748e4   1.5713e-10     2.1557e3

CSV outputs:
  output/p8_3_followup_a2_tensor_TY.csv
  output/p8_3_followup_a2_tensor_Schoen.csv
